Traceback (most recent call last):
  File "/scratch/users/khoang99/bios270/envs/micromamba/envs/dgeb_env/lib/python3.14/site-packages/transformers/utils/hub.py", line 422, in cached_files
    hf_hub_download(
    ~~~~~~~~~~~~~~~^
        path_or_repo_id,
        ^^^^^^^^^^^^^^^^
    ...<10 lines>...
        tqdm_class=tqdm_class,
        ^^^^^^^^^^^^^^^^^^^^^^
    )
    ^
  File "/scratch/users/khoang99/bios270/envs/micromamba/envs/dgeb_env/lib/python3.14/site-packages/huggingface_hub/utils/_validators.py", line 89, in _inner_fn
    return fn(*args, **kwargs)
  File "/scratch/users/khoang99/bios270/envs/micromamba/envs/dgeb_env/lib/python3.14/site-packages/huggingface_hub/file_download.py", line 986, in hf_hub_download
    return _hf_hub_download_to_cache_dir(
        # Destination
    ...<15 lines>...
        dry_run=dry_run,
    )
  File "/scratch/users/khoang99/bios270/envs/micromamba/envs/dgeb_env/lib/python3.14/site-packages/huggingface_hub/file_download.py", line 1137, in _hf_hub_download_to_cache_dir
    _raise_on_head_call_error(head_call_error, force_download, local_files_only)
    ~~~~~~~~~~~~~~~~~~~~~~~~~^^^^^^^^^^^^^^^^^^^^^^^^^^^^^^^^^^^^^^^^^^^^^^^^^^^
  File "/scratch/users/khoang99/bios270/envs/micromamba/envs/dgeb_env/lib/python3.14/site-packages/huggingface_hub/file_download.py", line 1757, in _raise_on_head_call_error
    raise LocalEntryNotFoundError(
    ...<2 lines>...
    )
huggingface_hub.errors.LocalEntryNotFoundError: Cannot find the requested files in the disk cache and outgoing traffic has been disabled. To enable hf.co look-ups and downloads online, set 'local_files_only' to False.

The above exception was the direct cause of the following exception:

Traceback (most recent call last):
  File "/scratch/users/khoang99/repos/BioSeqFeat/dgeb/bioseqfeat_dna_nt.py", line 109, in <module>
    model = NucleotideTransformerV2()
  File "/scratch/users/khoang99/repos/BioSeqFeat/dgeb/bioseqfeat_dna_nt.py", line 57, in __init__
    super().__init__(model_name=model_name, **kwargs)
    ~~~~~~~~~~~~~~~~^^^^^^^^^^^^^^^^^^^^^^^^^^^^^^^^^
  File "/scratch/users/khoang99/bios270/envs/micromamba/envs/dgeb_env/lib/python3.14/site-packages/dgeb/models.py", line 65, in __init__
    self.encoder = self._load_model(model_name)
                   ~~~~~~~~~~~~~~~~^^^^^^^^^^^^
  File "/scratch/users/khoang99/repos/BioSeqFeat/dgeb/bioseqfeat_dna_nt.py", line 60, in _load_model
    model = AutoModel.from_pretrained(model_name, trust_remote_code=True)
  File "/scratch/users/khoang99/bios270/envs/micromamba/envs/dgeb_env/lib/python3.14/site-packages/transformers/models/auto/auto_factory.py", line 326, in from_pretrained
    config, kwargs = AutoConfig.from_pretrained(
                     ~~~~~~~~~~~~~~~~~~~~~~~~~~^
        pretrained_model_name_or_path,
        ^^^^^^^^^^^^^^^^^^^^^^^^^^^^^^
    ...<4 lines>...
        **kwargs,
        ^^^^^^^^^
    )
    ^
  File "/scratch/users/khoang99/bios270/envs/micromamba/envs/dgeb_env/lib/python3.14/site-packages/transformers/models/auto/configuration_auto.py", line 1465, in from_pretrained
    config_dict, unused_kwargs = PreTrainedConfig.get_config_dict(pretrained_model_name_or_path, **kwargs)
                                 ~~~~~~~~~~~~~~~~~~~~~~~~~~~~~~~~^^^^^^^^^^^^^^^^^^^^^^^^^^^^^^^^^^^^^^^^^
  File "/scratch/users/khoang99/bios270/envs/micromamba/envs/dgeb_env/lib/python3.14/site-packages/transformers/configuration_utils.py", line 659, in get_config_dict
    config_dict, kwargs = cls._get_config_dict(pretrained_model_name_or_path, **kwargs)
                          ~~~~~~~~~~~~~~~~~~~~^^^^^^^^^^^^^^^^^^^^^^^^^^^^^^^^^^^^^^^^^
  File "/scratch/users/khoang99/bios270/envs/micromamba/envs/dgeb_env/lib/python3.14/site-packages/transformers/configuration_utils.py", line 714, in _get_config_dict
    resolved_config_file = cached_file(
        pretrained_model_name_or_path,
    ...<9 lines>...
        _commit_hash=commit_hash,
    )
  File "/scratch/users/khoang99/bios270/envs/micromamba/envs/dgeb_env/lib/python3.14/site-packages/transformers/utils/hub.py", line 278, in cached_file
    file = cached_files(path_or_repo_id=path_or_repo_id, filenames=[filename], **kwargs)
  File "/scratch/users/khoang99/bios270/envs/micromamba/envs/dgeb_env/lib/python3.14/site-packages/transformers/utils/hub.py", line 498, in cached_files
    raise OSError(
    ...<3 lines>...
    ) from e
OSError: We couldn't connect to 'https://huggingface.co' to load the files, and couldn't find them in the cached files.
Check your internet connection or see how to run the library in offline mode at 'https://huggingface.co/docs/transformers/installation#offline-mode'.
